::1 - - [13/May/2020:16:11:01 +0000] "GET /ds HTTP/1.1" 304 - "-" "Mozilla/5.0 (Linux; Android 6.0; Nexus 5 Build/MRA58N) AppleWebKit/537.36 (KHTML, like Gecko) Chrome/81.0.4044.129 Mobile Safari/537.36"
::1 - - [13/May/2020:16:11:03 +0000] "GET /ds HTTP/1.1" 304 - "-" "Mozilla/5.0 (Linux; Android 6.0; Nexus 5 Build/MRA58N) AppleWebKit/537.36 (KHTML, like Gecko) Chrome/81.0.4044.129 Mobile Safari/537.36"
::1 - - [13/May/2020:16:11:04 +0000] "GET /favicon.ico HTTP/1.1" 200 894 "http://localhost:4000/ds" "Mozilla/5.0 (Linux; Android 6.0; Nexus 5 Build/MRA58N) AppleWebKit/537.36 (KHTML, like Gecko) Chrome/81.0.4044.129 Mobile Safari/537.36"
::1 - - [13/May/2020:16:11:06 +0000] "GET /ds HTTP/1.1" 304 - "-" "Mozilla/5.0 (Linux; Android 6.0; Nexus 5 Build/MRA58N) AppleWebKit/537.36 (KHTML, like Gecko) Chrome/81.0.4044.129 Mobile Safari/537.36"
::1 - - [13/May/2020:16:11:09 +0000] "GET /ds HTTP/1.1" 304 - "-" "Mozilla/5.0 (Linux; Android 6.0; Nexus 5 Build/MRA58N) AppleWebKit/537.36 (KHTML, like Gecko) Chrome/81.0.4044.129 Mobile Safari/537.36"
::1 - - [13/May/2020:16:11:09 +0000] "GET /favicon.ico HTTP/1.1" 200 894 "http://localhost:4000/ds" "Mozilla/5.0 (Linux; Android 6.0; Nexus 5 Build/MRA58N) AppleWebKit/537.36 (KHTML, like Gecko) Chrome/81.0.4044.129 Mobile Safari/537.36"
::1 - - [13/May/2020:16:17:42 +0000] "GET /sad HTTP/1.1" 200 - "-" "Mozilla/5.0 (X11; Linux x86_64) AppleWebKit/537.36 (KHTML, like Gecko) Chrome/81.0.4044.129 Safari/537.36"
::1 - - [13/May/2020:16:22:35 +0000] "GET /sdasd HTTP/1.1" 200 - "-" "Mozilla/5.0 (X11; Linux x86_64) AppleWebKit/537.36 (KHTML, like Gecko) Chrome/81.0.4044.129 Safari/537.36"
::1 - - [13/May/2020:16:26:19 +0000] "GET /sdasd HTTP/1.1" 304 - "-" "Mozilla/5.0 (X11; Linux x86_64) AppleWebKit/537.36 (KHTML, like Gecko) Chrome/81.0.4044.129 Safari/537.36"
::1 - - [13/May/2020:16:26:20 +0000] "GET /favicon.ico HTTP/1.1" 200 894 "http://localhost:4000/sdasd" "Mozilla/5.0 (X11; Linux x86_64) AppleWebKit/537.36 (KHTML, like Gecko) Chrome/81.0.4044.129 Safari/537.36"
::1 - - [13/May/2020:16:26:20 +0000] "GET /sdasd HTTP/1.1" 304 - "-" "Mozilla/5.0 (X11; Linux x86_64) AppleWebKit/537.36 (KHTML, like Gecko) Chrome/81.0.4044.129 Safari/537.36"
::1 - - [13/May/2020:16:26:20 +0000] "GET /favicon.ico HTTP/1.1" 200 894 "http://localhost:4000/sdasd" "Mozilla/5.0 (X11; Linux x86_64) AppleWebKit/537.36 (KHTML, like Gecko) Chrome/81.0.4044.129 Safari/537.36"
::1 - - [13/May/2020:16:26:20 +0000] "GET /sdasd HTTP/1.1" 304 - "-" "Mozilla/5.0 (X11; Linux x86_64) AppleWebKit/537.36 (KHTML, like Gecko) Chrome/81.0.4044.129 Safari/537.36"
::1 - - [13/May/2020:16:26:21 +0000] "GET /favicon.ico HTTP/1.1" 200 894 "http://localhost:4000/sdasd" "Mozilla/5.0 (X11; Linux x86_64) AppleWebKit/537.36 (KHTML, like Gecko) Chrome/81.0.4044.129 Safari/537.36"
::1 - - [13/May/2020:16:26:21 +0000] "GET /sdasd HTTP/1.1" 304 - "-" "Mozilla/5.0 (X11; Linux x86_64) AppleWebKit/537.36 (KHTML, like Gecko) Chrome/81.0.4044.129 Safari/537.36"
::1 - - [13/May/2020:16:26:21 +0000] "GET /favicon.ico HTTP/1.1" 200 894 "http://localhost:4000/sdasd" "Mozilla/5.0 (X11; Linux x86_64) AppleWebKit/537.36 (KHTML, like Gecko) Chrome/81.0.4044.129 Safari/537.36"
::1 - - [13/May/2020:16:26:21 +0000] "GET /sdasd HTTP/1.1" 304 - "-" "Mozilla/5.0 (X11; Linux x86_64) AppleWebKit/537.36 (KHTML, like Gecko) Chrome/81.0.4044.129 Safari/537.36"
::1 - - [13/May/2020:16:26:22 +0000] "GET /favicon.ico HTTP/1.1" 200 894 "http://localhost:4000/sdasd" "Mozilla/5.0 (X11; Linux x86_64) AppleWebKit/537.36 (KHTML, like Gecko) Chrome/81.0.4044.129 Safari/537.36"
::1 - - [13/May/2020:16:26:25 +0000] "GET /sdasd HTTP/1.1" 304 - "-" "Mozilla/5.0 (X11; Linux x86_64) AppleWebKit/537.36 (KHTML, like Gecko) Chrome/81.0.4044.129 Safari/537.36"
::1 - - [13/May/2020:16:32:53 +0000] "GET /sdasd HTTP/1.1" 304 - "-" "Mozilla/5.0 (X11; Linux x86_64) AppleWebKit/537.36 (KHTML, like Gecko) Chrome/81.0.4044.129 Safari/537.36"
::1 - - [13/May/2020:16:32:53 +0000] "GET /favicon.ico HTTP/1.1" 200 894 "http://localhost:4000/sdasd" "Mozilla/5.0 (X11; Linux x86_64) AppleWebKit/537.36 (KHTML, like Gecko) Chrome/81.0.4044.129 Safari/537.36"
::1 - - [13/May/2020:17:34:23 +0000] "GET / HTTP/1.1" 304 - "-" "Mozilla/5.0 (X11; Linux x86_64) AppleWebKit/537.36 (KHTML, like Gecko) Chrome/81.0.4044.129 Safari/537.36"
::1 - - [13/May/2020:17:34:23 +0000] "GET /favicon.ico HTTP/1.1" 200 894 "http://localhost:4000/" "Mozilla/5.0 (X11; Linux x86_64) AppleWebKit/537.36 (KHTML, like Gecko) Chrome/81.0.4044.129 Safari/537.36"
::1 - - [13/May/2020:17:34:29 +0000] "GET / HTTP/1.1" 304 - "-" "Mozilla/5.0 (X11; Linux x86_64) AppleWebKit/537.36 (KHTML, like Gecko) Chrome/81.0.4044.129 Safari/537.36"
::1 - - [13/May/2020:17:34:30 +0000] "GET /favicon.ico HTTP/1.1" 200 894 "http://localhost:4000/" "Mozilla/5.0 (X11; Linux x86_64) AppleWebKit/537.36 (KHTML, like Gecko) Chrome/81.0.4044.129 Safari/537.36"
::1 - - [13/May/2020:17:36:50 +0000] "GET /fsdf HTTP/1.1" 200 - "-" "Mozilla/5.0 (X11; Linux x86_64) AppleWebKit/537.36 (KHTML, like Gecko) Chrome/81.0.4044.129 Safari/537.36"
::1 - - [13/May/2020:17:58:35 +0000] "GET /asdas HTTP/1.1" 200 - "-" "Mozilla/5.0 (X11; Linux x86_64) AppleWebKit/537.36 (KHTML, like Gecko) Chrome/81.0.4044.129 Safari/537.36"
::1 - - [04/Jun/2020:09:14:29 +0000] "GET / HTTP/1.1" 200 - "-" "Mozilla/5.0 (X11; Linux x86_64) AppleWebKit/537.36 (KHTML, like Gecko) Chrome/80.0.3987.149 Safari/537.36"
::1 - - [04/Jun/2020:09:14:29 +0000] "GET /static/js/main.a9b6c587.chunk.js HTTP/1.1" 200 852 "http://localhost:4000/" "Mozilla/5.0 (X11; Linux x86_64) AppleWebKit/537.36 (KHTML, like Gecko) Chrome/80.0.3987.149 Safari/537.36"
::1 - - [04/Jun/2020:09:14:29 +0000] "GET /static/css/main.5c294e98.chunk.css HTTP/1.1" 200 100 "http://localhost:4000/" "Mozilla/5.0 (X11; Linux x86_64) AppleWebKit/537.36 (KHTML, like Gecko) Chrome/80.0.3987.149 Safari/537.36"
::1 - - [04/Jun/2020:09:14:29 +0000] "GET /static/js/2.7f73aba9.chunk.js HTTP/1.1" 200 - "http://localhost:4000/" "Mozilla/5.0 (X11; Linux x86_64) AppleWebKit/537.36 (KHTML, like Gecko) Chrome/80.0.3987.149 Safari/537.36"
::1 - - [04/Jun/2020:09:14:30 +0000] "GET /favicon.ico HTTP/1.1" 200 894 "http://localhost:4000/" "Mozilla/5.0 (X11; Linux x86_64) AppleWebKit/537.36 (KHTML, like Gecko) Chrome/80.0.3987.149 Safari/537.36"
::1 - - [04/Jun/2020:09:14:31 +0000] "GET / HTTP/1.1" 304 - "-" "Mozilla/5.0 (X11; Linux x86_64) AppleWebKit/537.36 (KHTML, like Gecko) Chrome/80.0.3987.149 Safari/537.36"
::1 - - [04/Jun/2020:09:14:31 +0000] "GET /favicon.ico HTTP/1.1" 200 894 "http://localhost:4000/" "Mozilla/5.0 (X11; Linux x86_64) AppleWebKit/537.36 (KHTML, like Gecko) Chrome/80.0.3987.149 Safari/537.36"
::1 - - [04/Jun/2020:09:14:32 +0000] "GET / HTTP/1.1" 200 - "-" "Mozilla/5.0 (X11; Linux x86_64) AppleWebKit/537.36 (KHTML, like Gecko) Chrome/80.0.3987.149 Safari/537.36"
::1 - - [04/Jun/2020:09:14:32 +0000] "GET /static/css/main.5c294e98.chunk.css HTTP/1.1" 200 100 "http://localhost:4000/" "Mozilla/5.0 (X11; Linux x86_64) AppleWebKit/537.36 (KHTML, like Gecko) Chrome/80.0.3987.149 Safari/537.36"
::1 - - [04/Jun/2020:09:14:32 +0000] "GET /static/js/main.a9b6c587.chunk.js HTTP/1.1" 200 852 "http://localhost:4000/" "Mozilla/5.0 (X11; Linux x86_64) AppleWebKit/537.36 (KHTML, like Gecko) Chrome/80.0.3987.149 Safari/537.36"
::1 - - [04/Jun/2020:09:14:32 +0000] "GET /static/js/2.7f73aba9.chunk.js HTTP/1.1" 200 - "http://localhost:4000/" "Mozilla/5.0 (X11; Linux x86_64) AppleWebKit/537.36 (KHTML, like Gecko) Chrome/80.0.3987.149 Safari/537.36"
::1 - - [04/Jun/2020:09:14:33 +0000] "GET /favicon.ico HTTP/1.1" 200 894 "http://localhost:4000/" "Mozilla/5.0 (X11; Linux x86_64) AppleWebKit/537.36 (KHTML, like Gecko) Chrome/80.0.3987.149 Safari/537.36"
